<?xml version="1.0" encoding="UTF-8"?>
<!-- Generated by org.testng.reporters.JUnitReportReporter -->
<testsuite skipped="0" hostname="NGAN" name="testcase.TC03_GetData_API" tests="2" failures="0" timestamp="18 Jun 2020 05:54:24 GMT" time="6.958" errors="0">
  <testcase name="testRespondBody" time="5.753" classname="testcase.TC03_GetData_API"/>
  <testcase name="testRespondCode" time="1.205" classname="testcase.TC03_GetData_API"/>
</testsuite> <!-- testcase.TC03_GetData_API -->
