<?xml version="1.0" encoding="UTF-8"?>
<!-- Generated by org.testng.reporters.JUnitReportReporter -->
<testsuite skipped="0" hostname="NGAN" name="testcase.getData" tests="2" failures="0" timestamp="16 Jun 2020 14:08:51 GMT" time="11.649" errors="0">
  <testcase name="testRespond" time="1.527" classname="testcase.getData"/>
  <testcase name="testBody" time="10.122" classname="testcase.getData"/>
</testsuite> <!-- testcase.getData -->
