<?xml version="1.0" encoding="UTF-8"?>
<!-- Generated by org.testng.reporters.JUnitReportReporter -->
<testsuite skipped="0" hostname="NGAN" name="testcase.TC02_Verify_sorting_FirstName_Column" tests="1" failures="0" timestamp="18 Jun 2020 05:54:24 GMT" time="11.190" errors="0">
  <testcase name="TC02_Verify_sorting_FirstName_Column" time="11.190" classname="testcase.TC02_Verify_sorting_FirstName_Column"/>
</testsuite> <!-- testcase.TC02_Verify_sorting_FirstName_Column -->
